{"/Users/mertsekmen/Desktop/wilskills-event-webapp/wilskill-app/src/components/EditTrip.jsx": {"path":"/Users/mertsekmen/Desktop/wilskills-event-webapp/wilskill-app/src/components/EditTrip.jsx","statementMap":{"0":{"start":{"line":8,"column":17},"end":{"line":140,"column":1}},"1":{"start":{"line":10,"column":28},"end":{"line":10,"column":40}},"2":{"start":{"line":11,"column":36},"end":{"line":11,"column":56}},"3":{"start":{"line":12,"column":38},"end":{"line":12,"column":58}},"4":{"start":{"line":13,"column":34},"end":{"line":13,"column":46}},"5":{"start":{"line":14,"column":26},"end":{"line":14,"column":38}},"6":{"start":{"line":15,"column":26},"end":{"line":15,"column":46}},"7":{"start":{"line":16,"column":26},"end":{"line":16,"column":38}},"8":{"start":{"line":17,"column":49},"end":{"line":17,"column":61}},"9":{"start":{"line":18,"column":62},"end":{"line":18,"column":74}},"10":{"start":{"line":19,"column":36},"end":{"line":19,"column":51}},"11":{"start":{"line":22,"column":23},"end":{"line":52,"column":3}},"12":{"start":{"line":23,"column":4},"end":{"line":41,"column":9}},"13":{"start":{"line":35,"column":8},"end":{"line":37,"column":9}},"14":{"start":{"line":36,"column":10},"end":{"line":36,"column":27}},"15":{"start":{"line":40,"column":8},"end":{"line":40,"column":27}},"16":{"start":{"line":42,"column":4},"end":{"line":42,"column":24}},"17":{"start":{"line":43,"column":4},"end":{"line":43,"column":17}},"18":{"start":{"line":44,"column":4},"end":{"line":44,"column":29}},"19":{"start":{"line":45,"column":4},"end":{"line":45,"column":30}},"20":{"start":{"line":46,"column":4},"end":{"line":46,"column":20}},"21":{"start":{"line":47,"column":4},"end":{"line":47,"column":16}},"22":{"start":{"line":48,"column":4},"end":{"line":48,"column":24}},"23":{"start":{"line":49,"column":4},"end":{"line":49,"column":16}},"24":{"start":{"line":50,"column":4},"end":{"line":50,"column":27}},"25":{"start":{"line":51,"column":4},"end":{"line":51,"column":33}},"26":{"start":{"line":55,"column":17},"end":{"line":55,"column":28}},"27":{"start":{"line":56,"column":26},"end":{"line":56,"column":79}},"28":{"start":{"line":58,"column":23},"end":{"line":62,"column":3}},"29":{"start":{"line":59,"column":4},"end":{"line":59,"column":23}},"30":{"start":{"line":61,"column":4},"end":{"line":61,"column":23}},"31":{"start":{"line":64,"column":2},"end":{"line":139,"column":4}},"32":{"start":{"line":67,"column":8},"end":{"line":136,"column":14}},"33":{"start":{"line":78,"column":31},"end":{"line":78,"column":55}},"34":{"start":{"line":85,"column":31},"end":{"line":85,"column":59}},"35":{"start":{"line":92,"column":31},"end":{"line":92,"column":60}},"36":{"start":{"line":99,"column":31},"end":{"line":99,"column":58}},"37":{"start":{"line":105,"column":31},"end":{"line":105,"column":54}},"38":{"start":{"line":108,"column":50},"end":{"line":108,"column":73}},"39":{"start":{"line":118,"column":31},"end":{"line":118,"column":54}},"40":{"start":{"line":124,"column":31},"end":{"line":124,"column":65}},"41":{"start":{"line":130,"column":31},"end":{"line":130,"column":71}}},"fnMap":{"0":{"name":"(anonymous_0)","decl":{"start":{"line":8,"column":17},"end":{"line":8,"column":18}},"loc":{"start":{"line":8,"column":23},"end":{"line":140,"column":1}},"line":8},"1":{"name":"(anonymous_1)","decl":{"start":{"line":22,"column":23},"end":{"line":22,"column":24}},"loc":{"start":{"line":22,"column":29},"end":{"line":52,"column":3}},"line":22},"2":{"name":"(anonymous_2)","decl":{"start":{"line":34,"column":12},"end":{"line":34,"column":13}},"loc":{"start":{"line":34,"column":27},"end":{"line":38,"column":7}},"line":34},"3":{"name":"(anonymous_3)","decl":{"start":{"line":39,"column":13},"end":{"line":39,"column":14}},"loc":{"start":{"line":39,"column":24},"end":{"line":41,"column":7}},"line":39},"4":{"name":"(anonymous_4)","decl":{"start":{"line":58,"column":23},"end":{"line":58,"column":24}},"loc":{"start":{"line":58,"column":30},"end":{"line":62,"column":3}},"line":58},"5":{"name":"(anonymous_5)","decl":{"start":{"line":66,"column":17},"end":{"line":66,"column":18}},"loc":{"start":{"line":67,"column":8},"end":{"line":136,"column":14}},"line":67},"6":{"name":"(anonymous_6)","decl":{"start":{"line":78,"column":24},"end":{"line":78,"column":25}},"loc":{"start":{"line":78,"column":31},"end":{"line":78,"column":55}},"line":78},"7":{"name":"(anonymous_7)","decl":{"start":{"line":85,"column":24},"end":{"line":85,"column":25}},"loc":{"start":{"line":85,"column":31},"end":{"line":85,"column":59}},"line":85},"8":{"name":"(anonymous_8)","decl":{"start":{"line":92,"column":24},"end":{"line":92,"column":25}},"loc":{"start":{"line":92,"column":31},"end":{"line":92,"column":60}},"line":92},"9":{"name":"(anonymous_9)","decl":{"start":{"line":99,"column":24},"end":{"line":99,"column":25}},"loc":{"start":{"line":99,"column":31},"end":{"line":99,"column":58}},"line":99},"10":{"name":"(anonymous_10)","decl":{"start":{"line":105,"column":24},"end":{"line":105,"column":25}},"loc":{"start":{"line":105,"column":31},"end":{"line":105,"column":54}},"line":105},"11":{"name":"(anonymous_11)","decl":{"start":{"line":108,"column":43},"end":{"line":108,"column":44}},"loc":{"start":{"line":108,"column":50},"end":{"line":108,"column":73}},"line":108},"12":{"name":"(anonymous_12)","decl":{"start":{"line":118,"column":24},"end":{"line":118,"column":25}},"loc":{"start":{"line":118,"column":31},"end":{"line":118,"column":54}},"line":118},"13":{"name":"(anonymous_13)","decl":{"start":{"line":124,"column":24},"end":{"line":124,"column":25}},"loc":{"start":{"line":124,"column":31},"end":{"line":124,"column":65}},"line":124},"14":{"name":"(anonymous_14)","decl":{"start":{"line":130,"column":24},"end":{"line":130,"column":25}},"loc":{"start":{"line":130,"column":31},"end":{"line":130,"column":71}},"line":130}},"branchMap":{"0":{"loc":{"start":{"line":35,"column":8},"end":{"line":37,"column":9}},"type":"if","locations":[{"start":{"line":35,"column":8},"end":{"line":37,"column":9}},{"start":{},"end":{}}],"line":35}},"s":{"0":1,"1":6,"2":5,"3":5,"4":5,"5":5,"6":5,"7":5,"8":5,"9":5,"10":5,"11":5,"12":0,"13":0,"14":0,"15":0,"16":0,"17":0,"18":0,"19":0,"20":0,"21":0,"22":0,"23":0,"24":0,"25":0,"26":5,"27":5,"28":5,"29":0,"30":0,"31":5,"32":5,"33":0,"34":0,"35":0,"36":0,"37":0,"38":0,"39":0,"40":0,"41":0},"f":{"0":6,"1":0,"2":0,"3":0,"4":0,"5":5,"6":0,"7":0,"8":0,"9":0,"10":0,"11":0,"12":0,"13":0,"14":0},"b":{"0":[0,0]},"_coverageSchema":"1a1c01bbd47fc00a2c39e90264f33305004495a9","hash":"59192b43bf07e8392a7ff1fcaad4af9ab0b5e265"}
,"/Users/mertsekmen/Desktop/wilskills-event-webapp/wilskill-app/src/components/EventDetails.jsx": {"path":"/Users/mertsekmen/Desktop/wilskills-event-webapp/wilskill-app/src/components/EventDetails.jsx","statementMap":{"0":{"start":{"line":11,"column":21},"end":{"line":317,"column":1}},"1":{"start":{"line":12,"column":17},"end":{"line":12,"column":28}},"2":{"start":{"line":13,"column":26},"end":{"line":13,"column":79}},"3":{"start":{"line":14,"column":19},"end":{"line":14,"column":29}},"4":{"start":{"line":15,"column":15},"end":{"line":15,"column":23}},"5":{"start":{"line":16,"column":22},"end":{"line":16,"column":30}},"6":{"start":{"line":17,"column":26},"end":{"line":19,"column":3}},"7":{"start":{"line":21,"column":23},"end":{"line":32,"column":3}},"8":{"start":{"line":22,"column":4},"end":{"line":30,"column":9}},"9":{"start":{"line":24,"column":8},"end":{"line":26,"column":9}},"10":{"start":{"line":25,"column":10},"end":{"line":25,"column":27}},"11":{"start":{"line":29,"column":8},"end":{"line":29,"column":27}},"12":{"start":{"line":31,"column":4},"end":{"line":31,"column":36}},"13":{"start":{"line":34,"column":30},"end":{"line":34,"column":42}},"14":{"start":{"line":35,"column":35},"end":{"line":35,"column":47}},"15":{"start":{"line":36,"column":28},"end":{"line":36,"column":40}},"16":{"start":{"line":37,"column":27},"end":{"line":37,"column":39}},"17":{"start":{"line":38,"column":35},"end":{"line":38,"column":47}},"18":{"start":{"line":39,"column":48},"end":{"line":39,"column":60}},"19":{"start":{"line":40,"column":42},"end":{"line":40,"column":54}},"20":{"start":{"line":41,"column":42},"end":{"line":41,"column":54}},"21":{"start":{"line":42,"column":44},"end":{"line":42,"column":56}},"22":{"start":{"line":43,"column":23},"end":{"line":43,"column":34}},"23":{"start":{"line":44,"column":36},"end":{"line":44,"column":51}},"24":{"start":{"line":46,"column":23},"end":{"line":98,"column":3}},"25":{"start":{"line":47,"column":4},"end":{"line":47,"column":23}},"26":{"start":{"line":48,"column":4},"end":{"line":48,"column":19}},"27":{"start":{"line":50,"column":4},"end":{"line":50,"column":23}},"28":{"start":{"line":52,"column":4},"end":{"line":71,"column":9}},"29":{"start":{"line":65,"column":8},"end":{"line":67,"column":9}},"30":{"start":{"line":66,"column":10},"end":{"line":66,"column":27}},"31":{"start":{"line":70,"column":8},"end":{"line":70,"column":27}},"32":{"start":{"line":72,"column":4},"end":{"line":72,"column":24}},"33":{"start":{"line":73,"column":4},"end":{"line":73,"column":16}},"34":{"start":{"line":74,"column":4},"end":{"line":74,"column":17}},"35":{"start":{"line":75,"column":4},"end":{"line":75,"column":14}},"36":{"start":{"line":76,"column":4},"end":{"line":76,"column":18}},"37":{"start":{"line":77,"column":4},"end":{"line":77,"column":22}},"38":{"start":{"line":78,"column":4},"end":{"line":78,"column":19}},"39":{"start":{"line":79,"column":4},"end":{"line":79,"column":23}},"40":{"start":{"line":80,"column":4},"end":{"line":80,"column":20}},"41":{"start":{"line":81,"column":4},"end":{"line":81,"column":34}},"42":{"start":{"line":83,"column":4},"end":{"line":97,"column":8}},"43":{"start":{"line":92,"column":10},"end":{"line":92,"column":35}},"44":{"start":{"line":95,"column":10},"end":{"line":95,"column":34}},"45":{"start":{"line":100,"column":23},"end":{"line":100,"column":24}},"46":{"start":{"line":101,"column":2},"end":{"line":101,"column":57}},"47":{"start":{"line":101,"column":24},"end":{"line":101,"column":54}},"48":{"start":{"line":102,"column":2},"end":{"line":316,"column":6}},"49":{"start":{"line":103,"column":4},"end":{"line":219,"column":6}},"50":{"start":{"line":106,"column":10},"end":{"line":216,"column":16}},"51":{"start":{"line":156,"column":35},"end":{"line":156,"column":58}},"52":{"start":{"line":164,"column":35},"end":{"line":164,"column":59}},"53":{"start":{"line":171,"column":35},"end":{"line":171,"column":56}},"54":{"start":{"line":178,"column":35},"end":{"line":178,"column":60}},"55":{"start":{"line":185,"column":35},"end":{"line":185,"column":64}},"56":{"start":{"line":192,"column":35},"end":{"line":192,"column":61}},"57":{"start":{"line":199,"column":35},"end":{"line":199,"column":65}},"58":{"start":{"line":206,"column":35},"end":{"line":206,"column":62}},"59":{"start":{"line":221,"column":4},"end":{"line":316,"column":6}},"60":{"start":{"line":224,"column":10},"end":{"line":313,"column":16}},"61":{"start":{"line":253,"column":35},"end":{"line":253,"column":58}},"62":{"start":{"line":261,"column":35},"end":{"line":261,"column":59}},"63":{"start":{"line":268,"column":35},"end":{"line":268,"column":56}},"64":{"start":{"line":275,"column":35},"end":{"line":275,"column":60}},"65":{"start":{"line":282,"column":35},"end":{"line":282,"column":64}},"66":{"start":{"line":289,"column":35},"end":{"line":289,"column":61}},"67":{"start":{"line":296,"column":35},"end":{"line":296,"column":65}},"68":{"start":{"line":303,"column":35},"end":{"line":303,"column":62}}},"fnMap":{"0":{"name":"(anonymous_0)","decl":{"start":{"line":11,"column":21},"end":{"line":11,"column":22}},"loc":{"start":{"line":11,"column":27},"end":{"line":317,"column":1}},"line":11},"1":{"name":"(anonymous_1)","decl":{"start":{"line":21,"column":23},"end":{"line":21,"column":24}},"loc":{"start":{"line":21,"column":29},"end":{"line":32,"column":3}},"line":21},"2":{"name":"(anonymous_2)","decl":{"start":{"line":23,"column":12},"end":{"line":23,"column":13}},"loc":{"start":{"line":23,"column":27},"end":{"line":27,"column":7}},"line":23},"3":{"name":"(anonymous_3)","decl":{"start":{"line":28,"column":13},"end":{"line":28,"column":14}},"loc":{"start":{"line":28,"column":24},"end":{"line":30,"column":7}},"line":28},"4":{"name":"(anonymous_4)","decl":{"start":{"line":46,"column":23},"end":{"line":46,"column":24}},"loc":{"start":{"line":46,"column":30},"end":{"line":98,"column":3}},"line":46},"5":{"name":"(anonymous_5)","decl":{"start":{"line":64,"column":12},"end":{"line":64,"column":13}},"loc":{"start":{"line":64,"column":27},"end":{"line":68,"column":7}},"line":64},"6":{"name":"(anonymous_6)","decl":{"start":{"line":69,"column":13},"end":{"line":69,"column":14}},"loc":{"start":{"line":69,"column":24},"end":{"line":71,"column":7}},"line":69},"7":{"name":"(anonymous_7)","decl":{"start":{"line":91,"column":8},"end":{"line":91,"column":9}},"loc":{"start":{"line":91,"column":20},"end":{"line":93,"column":9}},"line":91},"8":{"name":"(anonymous_8)","decl":{"start":{"line":94,"column":8},"end":{"line":94,"column":9}},"loc":{"start":{"line":94,"column":19},"end":{"line":96,"column":9}},"line":94},"9":{"name":"(anonymous_9)","decl":{"start":{"line":101,"column":12},"end":{"line":101,"column":13}},"loc":{"start":{"line":101,"column":24},"end":{"line":101,"column":54}},"line":101},"10":{"name":"(anonymous_10)","decl":{"start":{"line":105,"column":19},"end":{"line":105,"column":20}},"loc":{"start":{"line":106,"column":10},"end":{"line":216,"column":16}},"line":106},"11":{"name":"(anonymous_11)","decl":{"start":{"line":156,"column":28},"end":{"line":156,"column":29}},"loc":{"start":{"line":156,"column":35},"end":{"line":156,"column":58}},"line":156},"12":{"name":"(anonymous_12)","decl":{"start":{"line":164,"column":28},"end":{"line":164,"column":29}},"loc":{"start":{"line":164,"column":35},"end":{"line":164,"column":59}},"line":164},"13":{"name":"(anonymous_13)","decl":{"start":{"line":171,"column":28},"end":{"line":171,"column":29}},"loc":{"start":{"line":171,"column":35},"end":{"line":171,"column":56}},"line":171},"14":{"name":"(anonymous_14)","decl":{"start":{"line":178,"column":28},"end":{"line":178,"column":29}},"loc":{"start":{"line":178,"column":35},"end":{"line":178,"column":60}},"line":178},"15":{"name":"(anonymous_15)","decl":{"start":{"line":185,"column":28},"end":{"line":185,"column":29}},"loc":{"start":{"line":185,"column":35},"end":{"line":185,"column":64}},"line":185},"16":{"name":"(anonymous_16)","decl":{"start":{"line":192,"column":28},"end":{"line":192,"column":29}},"loc":{"start":{"line":192,"column":35},"end":{"line":192,"column":61}},"line":192},"17":{"name":"(anonymous_17)","decl":{"start":{"line":199,"column":28},"end":{"line":199,"column":29}},"loc":{"start":{"line":199,"column":35},"end":{"line":199,"column":65}},"line":199},"18":{"name":"(anonymous_18)","decl":{"start":{"line":206,"column":28},"end":{"line":206,"column":29}},"loc":{"start":{"line":206,"column":35},"end":{"line":206,"column":62}},"line":206},"19":{"name":"(anonymous_19)","decl":{"start":{"line":223,"column":19},"end":{"line":223,"column":20}},"loc":{"start":{"line":224,"column":10},"end":{"line":313,"column":16}},"line":224},"20":{"name":"(anonymous_20)","decl":{"start":{"line":253,"column":28},"end":{"line":253,"column":29}},"loc":{"start":{"line":253,"column":35},"end":{"line":253,"column":58}},"line":253},"21":{"name":"(anonymous_21)","decl":{"start":{"line":261,"column":28},"end":{"line":261,"column":29}},"loc":{"start":{"line":261,"column":35},"end":{"line":261,"column":59}},"line":261},"22":{"name":"(anonymous_22)","decl":{"start":{"line":268,"column":28},"end":{"line":268,"column":29}},"loc":{"start":{"line":268,"column":35},"end":{"line":268,"column":56}},"line":268},"23":{"name":"(anonymous_23)","decl":{"start":{"line":275,"column":28},"end":{"line":275,"column":29}},"loc":{"start":{"line":275,"column":35},"end":{"line":275,"column":60}},"line":275},"24":{"name":"(anonymous_24)","decl":{"start":{"line":282,"column":28},"end":{"line":282,"column":29}},"loc":{"start":{"line":282,"column":35},"end":{"line":282,"column":64}},"line":282},"25":{"name":"(anonymous_25)","decl":{"start":{"line":289,"column":28},"end":{"line":289,"column":29}},"loc":{"start":{"line":289,"column":35},"end":{"line":289,"column":61}},"line":289},"26":{"name":"(anonymous_26)","decl":{"start":{"line":296,"column":28},"end":{"line":296,"column":29}},"loc":{"start":{"line":296,"column":35},"end":{"line":296,"column":65}},"line":296},"27":{"name":"(anonymous_27)","decl":{"start":{"line":303,"column":28},"end":{"line":303,"column":29}},"loc":{"start":{"line":303,"column":35},"end":{"line":303,"column":62}},"line":303}},"branchMap":{"0":{"loc":{"start":{"line":24,"column":8},"end":{"line":26,"column":9}},"type":"if","locations":[{"start":{"line":24,"column":8},"end":{"line":26,"column":9}},{"start":{},"end":{}}],"line":24},"1":{"loc":{"start":{"line":65,"column":8},"end":{"line":67,"column":9}},"type":"if","locations":[{"start":{"line":65,"column":8},"end":{"line":67,"column":9}},{"start":{},"end":{}}],"line":65},"2":{"loc":{"start":{"line":102,"column":2},"end":{"line":316,"column":6}},"type":"if","locations":[{"start":{"line":102,"column":2},"end":{"line":316,"column":6}},{"start":{"line":221,"column":4},"end":{"line":316,"column":6}}],"line":102},"3":{"loc":{"start":{"line":212,"column":17},"end":{"line":212,"column":72}},"type":"binary-expr","locations":[{"start":{"line":212,"column":17},"end":{"line":212,"column":27}},{"start":{"line":212,"column":31},"end":{"line":212,"column":72}}],"line":212},"4":{"loc":{"start":{"line":213,"column":17},"end":{"line":213,"column":70}},"type":"binary-expr","locations":[{"start":{"line":213,"column":17},"end":{"line":213,"column":26}},{"start":{"line":213,"column":30},"end":{"line":213,"column":70}}],"line":213},"5":{"loc":{"start":{"line":309,"column":17},"end":{"line":309,"column":72}},"type":"binary-expr","locations":[{"start":{"line":309,"column":17},"end":{"line":309,"column":27}},{"start":{"line":309,"column":31},"end":{"line":309,"column":72}}],"line":309},"6":{"loc":{"start":{"line":310,"column":17},"end":{"line":310,"column":70}},"type":"binary-expr","locations":[{"start":{"line":310,"column":17},"end":{"line":310,"column":26}},{"start":{"line":310,"column":30},"end":{"line":310,"column":70}}],"line":310}},"s":{"0":1,"1":5,"2":5,"3":5,"4":5,"5":5,"6":5,"7":5,"8":0,"9":0,"10":0,"11":0,"12":0,"13":5,"14":5,"15":5,"16":5,"17":5,"18":5,"19":5,"20":5,"21":5,"22":5,"23":5,"24":5,"25":0,"26":0,"27":0,"28":0,"29":0,"30":0,"31":0,"32":0,"33":0,"34":0,"35":0,"36":0,"37":0,"38":0,"39":0,"40":0,"41":0,"42":0,"43":0,"44":0,"45":5,"46":5,"47":5,"48":5,"49":0,"50":0,"51":0,"52":0,"53":0,"54":0,"55":0,"56":0,"57":0,"58":0,"59":5,"60":5,"61":0,"62":0,"63":0,"64":0,"65":0,"66":0,"67":0,"68":0},"f":{"0":5,"1":0,"2":0,"3":0,"4":0,"5":0,"6":0,"7":0,"8":0,"9":5,"10":0,"11":0,"12":0,"13":0,"14":0,"15":0,"16":0,"17":0,"18":0,"19":5,"20":0,"21":0,"22":0,"23":0,"24":0,"25":0,"26":0,"27":0},"b":{"0":[0,0],"1":[0,0],"2":[0,5],"3":[0,0],"4":[0,0],"5":[5,5],"6":[5,0]},"_coverageSchema":"1a1c01bbd47fc00a2c39e90264f33305004495a9","hash":"8660b64a4244747854e7672c82bceb3671b251a4"}
,"/Users/mertsekmen/Desktop/wilskills-event-webapp/wilskill-app/src/components/EventList.jsx": {"path":"/Users/mertsekmen/Desktop/wilskills-event-webapp/wilskill-app/src/components/EventList.jsx","statementMap":{"0":{"start":{"line":5,"column":18},"end":{"line":65,"column":1}},"1":{"start":{"line":6,"column":19},"end":{"line":6,"column":29}},"2":{"start":{"line":7,"column":22},"end":{"line":7,"column":30}},"3":{"start":{"line":8,"column":26},"end":{"line":10,"column":3}},"4":{"start":{"line":12,"column":23},"end":{"line":12,"column":24}},"5":{"start":{"line":13,"column":2},"end":{"line":13,"column":57}},"6":{"start":{"line":13,"column":24},"end":{"line":13,"column":54}},"7":{"start":{"line":14,"column":2},"end":{"line":64,"column":6}},"8":{"start":{"line":15,"column":4},"end":{"line":41,"column":6}},"9":{"start":{"line":27,"column":12},"end":{"line":37,"column":18}},"10":{"start":{"line":43,"column":4},"end":{"line":64,"column":6}},"11":{"start":{"line":50,"column":12},"end":{"line":60,"column":18}}},"fnMap":{"0":{"name":"(anonymous_0)","decl":{"start":{"line":5,"column":18},"end":{"line":5,"column":19}},"loc":{"start":{"line":5,"column":41},"end":{"line":65,"column":1}},"line":5},"1":{"name":"(anonymous_1)","decl":{"start":{"line":13,"column":12},"end":{"line":13,"column":13}},"loc":{"start":{"line":13,"column":24},"end":{"line":13,"column":54}},"line":13},"2":{"name":"(anonymous_2)","decl":{"start":{"line":26,"column":22},"end":{"line":26,"column":23}},"loc":{"start":{"line":27,"column":12},"end":{"line":37,"column":18}},"line":27},"3":{"name":"(anonymous_3)","decl":{"start":{"line":49,"column":22},"end":{"line":49,"column":23}},"loc":{"start":{"line":50,"column":12},"end":{"line":60,"column":18}},"line":50}},"branchMap":{"0":{"loc":{"start":{"line":14,"column":2},"end":{"line":64,"column":6}},"type":"if","locations":[{"start":{"line":14,"column":2},"end":{"line":64,"column":6}},{"start":{"line":43,"column":4},"end":{"line":64,"column":6}}],"line":14}},"s":{"0":2,"1":8,"2":0,"3":0,"4":0,"5":0,"6":0,"7":0,"8":0,"9":0,"10":0,"11":0},"f":{"0":8,"1":0,"2":0,"3":0},"b":{"0":[0,0]},"_coverageSchema":"1a1c01bbd47fc00a2c39e90264f33305004495a9","hash":"871805ab785965684edd05f6178a2824dabca4fa"}
,"/Users/mertsekmen/Desktop/wilskills-event-webapp/wilskill-app/src/components/TripSignup.jsx": {"path":"/Users/mertsekmen/Desktop/wilskills-event-webapp/wilskill-app/src/components/TripSignup.jsx","statementMap":{"0":{"start":{"line":9,"column":19},"end":{"line":39,"column":1}},"1":{"start":{"line":10,"column":17},"end":{"line":10,"column":28}},"2":{"start":{"line":11,"column":28},"end":{"line":13,"column":3}},"3":{"start":{"line":14,"column":26},"end":{"line":14,"column":79}},"4":{"start":{"line":16,"column":2},"end":{"line":38,"column":4}},"5":{"start":{"line":24,"column":10},"end":{"line":34,"column":15}}},"fnMap":{"0":{"name":"(anonymous_0)","decl":{"start":{"line":9,"column":19},"end":{"line":9,"column":20}},"loc":{"start":{"line":9,"column":25},"end":{"line":39,"column":1}},"line":9},"1":{"name":"(anonymous_1)","decl":{"start":{"line":23,"column":21},"end":{"line":23,"column":22}},"loc":{"start":{"line":24,"column":10},"end":{"line":34,"column":15}},"line":24}},"branchMap":{},"s":{"0":0,"1":0,"2":0,"3":0,"4":0,"5":0},"f":{"0":0,"1":0},"b":{}}
}
