TN:
SF:src/components/EditTrip.jsx
FN:8,(anonymous_0)
FN:22,(anonymous_1)
FN:34,(anonymous_2)
FN:39,(anonymous_3)
FN:58,(anonymous_4)
FN:66,(anonymous_5)
FN:78,(anonymous_6)
FN:85,(anonymous_7)
FN:92,(anonymous_8)
FN:99,(anonymous_9)
FN:105,(anonymous_10)
FN:108,(anonymous_11)
FN:118,(anonymous_12)
FN:124,(anonymous_13)
FN:130,(anonymous_14)
FNF:15
FNH:2
FNDA:6,(anonymous_0)
FNDA:0,(anonymous_1)
FNDA:0,(anonymous_2)
FNDA:0,(anonymous_3)
FNDA:0,(anonymous_4)
FNDA:5,(anonymous_5)
FNDA:0,(anonymous_6)
FNDA:0,(anonymous_7)
FNDA:0,(anonymous_8)
FNDA:0,(anonymous_9)
FNDA:0,(anonymous_10)
FNDA:0,(anonymous_11)
FNDA:0,(anonymous_12)
FNDA:0,(anonymous_13)
FNDA:0,(anonymous_14)
DA:8,1
DA:10,6
DA:11,5
DA:12,5
DA:13,5
DA:14,5
DA:15,5
DA:16,5
DA:17,5
DA:18,5
DA:19,5
DA:22,5
DA:23,0
DA:35,0
DA:36,0
DA:40,0
DA:42,0
DA:43,0
DA:44,0
DA:45,0
DA:46,0
DA:47,0
DA:48,0
DA:49,0
DA:50,0
DA:51,0
DA:55,5
DA:56,5
DA:58,5
DA:59,0
DA:61,0
DA:64,5
DA:67,5
DA:78,0
DA:85,0
DA:92,0
DA:99,0
DA:105,0
DA:108,0
DA:118,0
DA:124,0
DA:130,0
LF:42
LH:17
BRDA:35,0,0,0
BRDA:35,0,1,0
BRF:2
BRH:0
end_of_record
TN:
SF:src/components/EventDetails.jsx
FN:11,(anonymous_0)
FN:21,(anonymous_1)
FN:23,(anonymous_2)
FN:28,(anonymous_3)
FN:46,(anonymous_4)
FN:64,(anonymous_5)
FN:69,(anonymous_6)
FN:91,(anonymous_7)
FN:94,(anonymous_8)
FN:101,(anonymous_9)
FN:105,(anonymous_10)
FN:156,(anonymous_11)
FN:164,(anonymous_12)
FN:171,(anonymous_13)
FN:178,(anonymous_14)
FN:185,(anonymous_15)
FN:192,(anonymous_16)
FN:199,(anonymous_17)
FN:206,(anonymous_18)
FN:223,(anonymous_19)
FN:253,(anonymous_20)
FN:261,(anonymous_21)
FN:268,(anonymous_22)
FN:275,(anonymous_23)
FN:282,(anonymous_24)
FN:289,(anonymous_25)
FN:296,(anonymous_26)
FN:303,(anonymous_27)
FNF:28
FNH:3
FNDA:5,(anonymous_0)
FNDA:0,(anonymous_1)
FNDA:0,(anonymous_2)
FNDA:0,(anonymous_3)
FNDA:0,(anonymous_4)
FNDA:0,(anonymous_5)
FNDA:0,(anonymous_6)
FNDA:0,(anonymous_7)
FNDA:0,(anonymous_8)
FNDA:5,(anonymous_9)
FNDA:0,(anonymous_10)
FNDA:0,(anonymous_11)
FNDA:0,(anonymous_12)
FNDA:0,(anonymous_13)
FNDA:0,(anonymous_14)
FNDA:0,(anonymous_15)
FNDA:0,(anonymous_16)
FNDA:0,(anonymous_17)
FNDA:0,(anonymous_18)
FNDA:5,(anonymous_19)
FNDA:0,(anonymous_20)
FNDA:0,(anonymous_21)
FNDA:0,(anonymous_22)
FNDA:0,(anonymous_23)
FNDA:0,(anonymous_24)
FNDA:0,(anonymous_25)
FNDA:0,(anonymous_26)
FNDA:0,(anonymous_27)
DA:11,1
DA:12,5
DA:13,5
DA:14,5
DA:15,5
DA:16,5
DA:17,5
DA:21,5
DA:22,0
DA:24,0
DA:25,0
DA:29,0
DA:31,0
DA:34,5
DA:35,5
DA:36,5
DA:37,5
DA:38,5
DA:39,5
DA:40,5
DA:41,5
DA:42,5
DA:43,5
DA:44,5
DA:46,5
DA:47,0
DA:48,0
DA:50,0
DA:52,0
DA:65,0
DA:66,0
DA:70,0
DA:72,0
DA:73,0
DA:74,0
DA:75,0
DA:76,0
DA:77,0
DA:78,0
DA:79,0
DA:80,0
DA:81,0
DA:83,0
DA:92,0
DA:95,0
DA:100,5
DA:101,5
DA:102,5
DA:103,0
DA:106,0
DA:156,0
DA:164,0
DA:171,0
DA:178,0
DA:185,0
DA:192,0
DA:199,0
DA:206,0
DA:221,5
DA:224,5
DA:253,0
DA:261,0
DA:268,0
DA:275,0
DA:282,0
DA:289,0
DA:296,0
DA:303,0
LF:68
LH:25
BRDA:24,0,0,0
BRDA:24,0,1,0
BRDA:65,1,0,0
BRDA:65,1,1,0
BRDA:102,2,0,0
BRDA:102,2,1,5
BRDA:212,3,0,0
BRDA:212,3,1,0
BRDA:213,4,0,0
BRDA:213,4,1,0
BRDA:309,5,0,5
BRDA:309,5,1,5
BRDA:310,6,0,5
BRDA:310,6,1,0
BRF:14
BRH:4
end_of_record
TN:
SF:src/components/EventList.jsx
FN:5,(anonymous_0)
FN:13,(anonymous_1)
FN:26,(anonymous_2)
FN:49,(anonymous_3)
FNF:4
FNH:1
FNDA:8,(anonymous_0)
FNDA:0,(anonymous_1)
FNDA:0,(anonymous_2)
FNDA:0,(anonymous_3)
DA:5,2
DA:6,8
DA:7,0
DA:8,0
DA:12,0
DA:13,0
DA:14,0
DA:15,0
DA:27,0
DA:43,0
DA:50,0
LF:11
LH:2
BRDA:14,0,0,0
BRDA:14,0,1,0
BRF:2
BRH:0
end_of_record
TN:
SF:src/components/TripSignup.jsx
FN:9,(anonymous_0)
FN:23,(anonymous_1)
FNF:2
FNH:0
FNDA:0,(anonymous_0)
FNDA:0,(anonymous_1)
DA:9,0
DA:10,0
DA:11,0
DA:14,0
DA:16,0
DA:24,0
LF:6
LH:0
BRF:0
BRH:0
end_of_record
